Arguments: 
  /usr/local/bin/node /usr/local/Cellar/yarn/1.19.2/libexec/bin/yarn.js add create-http-link

PATH: 
  /Users/glweems/.dotnet/tools:/usr/local/bin/pg_config:/Users/glweems/bin:/Users/glweems/.npm-global/bin://Users/glweems/bin:/usr/local/sbin:/Users/glweems/bin:/usr/local/bin:/opt/local/bin:/opt/local/sbin:/usr/local/bin:/usr/bin:/bin:/usr/sbin:/sbin:/usr/local/MacGPG2/bin:/usr/local/share/dotnet:~/.dotnet/tools:/Library/Frameworks/Mono.framework/Versions/Current/Commands:/Users/glweems/.dotnet/tools:/usr/local/bin/pg_config:/Users/glweems/bin:/Users/glweems/.npm-global/bin://Users/glweems/bin:/usr/local/sbin:/opt/local/bin:/opt/local/sbin

Yarn version: 
  1.19.2

Node version: 
  12.7.0

Platform: 
  darwin x64

Trace: 
  Error: https://registry.yarnpkg.com/create-http-link: Not found
      at Request.params.callback [as _callback] (/usr/local/Cellar/yarn/1.19.2/libexec/lib/cli.js:66927:18)
      at Request.self.callback (/usr/local/Cellar/yarn/1.19.2/libexec/lib/cli.js:140586:22)
      at Request.emit (events.js:203:13)
      at Request.<anonymous> (/usr/local/Cellar/yarn/1.19.2/libexec/lib/cli.js:141558:10)
      at Request.emit (events.js:203:13)
      at IncomingMessage.<anonymous> (/usr/local/Cellar/yarn/1.19.2/libexec/lib/cli.js:141480:12)
      at Object.onceWrapper (events.js:291:20)
      at IncomingMessage.emit (events.js:208:15)
      at endReadableNT (_stream_readable.js:1161:12)
      at processTicksAndRejections (internal/process/task_queues.js:77:11)

npm manifest: 
  {
    "name": "server",
    "version": "0.0.1",
    "devDependencies": {
      "@types/bcryptjs": "^2.4.2",
      "@types/express": "^4.17.2",
      "@types/express-session": "^1.15.16",
      "@types/node": "^12.12.8",
      "nodemon": "^1.19.4",
      "ts-node": "8.5.2",
      "typescript": "3.7.2"
    },
    "dependencies": {
      "apollo-server-express": "^2.9.9",
      "bcryptjs": "^2.4.3",
      "connect-sqlite3": "^0.9.11",
      "cors": "^2.8.5",
      "express": "^4.17.1",
      "express-session": "^1.17.0",
      "graphql": "^14.5.8",
      "pg": "^7.13.0",
      "reflect-metadata": "^0.1.10",
      "sqlite3": "^4.1.0",
      "type-graphql": "^0.17.5",
      "typeorm": "0.2.20"
    },
    "scripts": {
      "start": "nodemon --exec ts-node --files src/app.ts",
      "build": "tsc"
    }
  }

yarn manifest: 
  No manifest

Lockfile: 
  No lockfile
